#! /usr/bin/vvp
:ivl_version "0.9.7 " "(v0_9_7)";
:vpi_time_precision - 12;
:vpi_module "system";
:vpi_module "v2005_math";
:vpi_module "va_math";
S_0x1f29690 .scope module, "vga640x480" "vga640x480" 2 3;
 .timescale -9 -12;
P_0x1f29788 .param/l "hbp" 2 18, +C4<010010000>;
P_0x1f297b0 .param/l "hfp" 2 19, +C4<01100010000>;
P_0x1f297d8 .param/l "hpixels" 2 14, +C4<01100100000>;
P_0x1f29800 .param/l "hpulse" 2 16, +C4<01100000>;
P_0x1f29828 .param/l "vbp" 2 20, +C4<011111>;
P_0x1f29850 .param/l "vfp" 2 21, +C4<0111111111>;
P_0x1f29878 .param/l "vlines" 2 15, +C4<01000001001>;
P_0x1f298a0 .param/l "vpulse" 2 17, +C4<010>;
v0x1f5f230_0 .net *"_s0", 10 0, L_0x1f7ce70; 1 drivers
v0x1f7bfa0_0 .net/s *"_s10", 0 0, C4<1>; 1 drivers
v0x1f7c040_0 .net *"_s14", 10 0, L_0x1f7d390; 1 drivers
v0x1f7c0e0_0 .net *"_s17", 0 0, C4<0>; 1 drivers
v0x1f7c190_0 .net *"_s18", 10 0, C4<00000000010>; 1 drivers
v0x1f7c230_0 .net *"_s20", 0 0, L_0x1f7d570; 1 drivers
v0x1f7c310_0 .net/s *"_s22", 0 0, C4<0>; 1 drivers
v0x1f7c3b0_0 .net/s *"_s24", 0 0, C4<1>; 1 drivers
v0x1f7c4a0_0 .net *"_s3", 0 0, C4<0>; 1 drivers
v0x1f7c540_0 .net *"_s4", 10 0, C4<00001100000>; 1 drivers
v0x1f7c640_0 .net *"_s6", 0 0, L_0x1f7cfb0; 1 drivers
v0x1f7c6e0_0 .net/s *"_s8", 0 0, C4<0>; 1 drivers
v0x1f7c7f0_0 .var "blue", 1 0;
v0x1f7c890_0 .net "clr", 0 0, C4<z>; 0 drivers
v0x1f7c9b0_0 .net "dclk", 0 0, C4<z>; 0 drivers
v0x1f7ca50_0 .var "green", 2 0;
v0x1f7c910_0 .var "hc", 9 0;
v0x1f7cba0_0 .net "hsync", 0 0, L_0x1f7d1d0; 1 drivers
v0x1f7ccc0_0 .var "red", 2 0;
v0x1f7cd40_0 .var "vc", 9 0;
v0x1f7cc20_0 .net "vsync", 0 0, L_0x1f7d780; 1 drivers
E_0x1f3c800 .event edge, v0x1f7cd40_0, v0x1f7c910_0;
E_0x1f29e50 .event posedge, v0x1f7c890_0, v0x1f7c9b0_0;
L_0x1f7ce70 .concat [ 10 1 0 0], v0x1f7c910_0, C4<0>;
L_0x1f7cfb0 .cmp/gt 11, C4<00001100000>, L_0x1f7ce70;
L_0x1f7d1d0 .functor MUXZ 1, C4<1>, C4<0>, L_0x1f7cfb0, C4<>;
L_0x1f7d390 .concat [ 10 1 0 0], v0x1f7cd40_0, C4<0>;
L_0x1f7d570 .cmp/gt 11, C4<00000000010>, L_0x1f7d390;
L_0x1f7d780 .functor MUXZ 1, C4<1>, C4<0>, L_0x1f7d570, C4<>;
    .scope S_0x1f29690;
T_0 ;
    %wait E_0x1f29e50;
    %load/v 8, v0x1f7c890_0, 1;
    %mov 9, 0, 2;
    %cmpi/u 8, 1, 3;
    %jmp/0xz  T_0.0, 4;
    %ix/load 0, 10, 0;
    %assign/v0 v0x1f7c910_0, 0, 0;
    %ix/load 0, 10, 0;
    %assign/v0 v0x1f7cd40_0, 0, 0;
    %jmp T_0.1;
T_0.0 ;
    %load/v 8, v0x1f7c910_0, 10;
    %mov 18, 0, 3;
   %cmpi/u 8, 799, 13;
    %jmp/0xz  T_0.2, 5;
    %load/v 8, v0x1f7c910_0, 10;
    %mov 18, 0, 22;
    %addi 8, 1, 32;
    %ix/load 0, 10, 0;
    %assign/v0 v0x1f7c910_0, 0, 8;
    %jmp T_0.3;
T_0.2 ;
    %ix/load 0, 10, 0;
    %assign/v0 v0x1f7c910_0, 0, 0;
    %load/v 8, v0x1f7cd40_0, 10;
    %mov 18, 0, 3;
   %cmpi/u 8, 520, 13;
    %jmp/0xz  T_0.4, 5;
    %load/v 8, v0x1f7cd40_0, 10;
    %mov 18, 0, 22;
    %addi 8, 1, 32;
    %ix/load 0, 10, 0;
    %assign/v0 v0x1f7cd40_0, 0, 8;
    %jmp T_0.5;
T_0.4 ;
    %ix/load 0, 10, 0;
    %assign/v0 v0x1f7cd40_0, 0, 0;
T_0.5 ;
T_0.3 ;
T_0.1 ;
    %jmp T_0;
    .thread T_0;
    .scope S_0x1f29690;
T_1 ;
    %wait E_0x1f3c800;
    %movi 8, 31, 11;
    %load/v 19, v0x1f7cd40_0, 10;
    %mov 29, 0, 1;
    %cmp/u 8, 19, 11;
    %or 5, 4, 1;
    %mov 8, 5, 1;
    %load/v 9, v0x1f7cd40_0, 10;
    %mov 19, 0, 1;
   %cmpi/u 9, 511, 11;
    %mov 9, 5, 1;
    %and 8, 9, 1;
    %jmp/0xz  T_1.0, 8;
    %movi 8, 144, 11;
    %load/v 19, v0x1f7c910_0, 10;
    %mov 29, 0, 1;
    %cmp/u 8, 19, 11;
    %or 5, 4, 1;
    %mov 8, 5, 1;
    %load/v 9, v0x1f7c910_0, 10;
    %mov 19, 0, 1;
   %cmpi/u 9, 224, 11;
    %mov 9, 5, 1;
    %and 8, 9, 1;
    %jmp/0xz  T_1.2, 8;
    %set/v v0x1f7ccc0_0, 1, 3;
    %set/v v0x1f7ca50_0, 1, 3;
    %set/v v0x1f7c7f0_0, 1, 2;
    %jmp T_1.3;
T_1.2 ;
    %movi 8, 224, 11;
    %load/v 19, v0x1f7c910_0, 10;
    %mov 29, 0, 1;
    %cmp/u 8, 19, 11;
    %or 5, 4, 1;
    %mov 8, 5, 1;
    %load/v 9, v0x1f7c910_0, 10;
    %mov 19, 0, 1;
   %cmpi/u 9, 304, 11;
    %mov 9, 5, 1;
    %and 8, 9, 1;
    %jmp/0xz  T_1.4, 8;
    %set/v v0x1f7ccc0_0, 1, 3;
    %set/v v0x1f7ca50_0, 1, 3;
    %set/v v0x1f7c7f0_0, 0, 2;
    %jmp T_1.5;
T_1.4 ;
    %movi 8, 304, 11;
    %load/v 19, v0x1f7c910_0, 10;
    %mov 29, 0, 1;
    %cmp/u 8, 19, 11;
    %or 5, 4, 1;
    %mov 8, 5, 1;
    %load/v 9, v0x1f7c910_0, 10;
    %mov 19, 0, 1;
   %cmpi/u 9, 384, 11;
    %mov 9, 5, 1;
    %and 8, 9, 1;
    %jmp/0xz  T_1.6, 8;
    %set/v v0x1f7ccc0_0, 0, 3;
    %set/v v0x1f7ca50_0, 1, 3;
    %set/v v0x1f7c7f0_0, 1, 2;
    %jmp T_1.7;
T_1.6 ;
    %movi 8, 384, 11;
    %load/v 19, v0x1f7c910_0, 10;
    %mov 29, 0, 1;
    %cmp/u 8, 19, 11;
    %or 5, 4, 1;
    %mov 8, 5, 1;
    %load/v 9, v0x1f7c910_0, 10;
    %mov 19, 0, 2;
   %cmpi/u 9, 464, 12;
    %mov 9, 5, 1;
    %and 8, 9, 1;
    %jmp/0xz  T_1.8, 8;
    %set/v v0x1f7ccc0_0, 0, 3;
    %set/v v0x1f7ca50_0, 1, 3;
    %set/v v0x1f7c7f0_0, 0, 2;
    %jmp T_1.9;
T_1.8 ;
    %movi 8, 464, 12;
    %load/v 20, v0x1f7c910_0, 10;
    %mov 30, 0, 2;
    %cmp/u 8, 20, 12;
    %or 5, 4, 1;
    %mov 8, 5, 1;
    %load/v 9, v0x1f7c910_0, 10;
    %mov 19, 0, 2;
   %cmpi/u 9, 544, 12;
    %mov 9, 5, 1;
    %and 8, 9, 1;
    %jmp/0xz  T_1.10, 8;
    %set/v v0x1f7ccc0_0, 1, 3;
    %set/v v0x1f7ca50_0, 0, 3;
    %set/v v0x1f7c7f0_0, 1, 2;
    %jmp T_1.11;
T_1.10 ;
    %movi 8, 544, 12;
    %load/v 20, v0x1f7c910_0, 10;
    %mov 30, 0, 2;
    %cmp/u 8, 20, 12;
    %or 5, 4, 1;
    %mov 8, 5, 1;
    %load/v 9, v0x1f7c910_0, 10;
    %mov 19, 0, 2;
   %cmpi/u 9, 624, 12;
    %mov 9, 5, 1;
    %and 8, 9, 1;
    %jmp/0xz  T_1.12, 8;
    %set/v v0x1f7ccc0_0, 1, 3;
    %set/v v0x1f7ca50_0, 0, 3;
    %set/v v0x1f7c7f0_0, 0, 2;
    %jmp T_1.13;
T_1.12 ;
    %movi 8, 624, 12;
    %load/v 20, v0x1f7c910_0, 10;
    %mov 30, 0, 2;
    %cmp/u 8, 20, 12;
    %or 5, 4, 1;
    %mov 8, 5, 1;
    %load/v 9, v0x1f7c910_0, 10;
    %mov 19, 0, 3;
   %cmpi/u 9, 704, 13;
    %mov 9, 5, 1;
    %and 8, 9, 1;
    %jmp/0xz  T_1.14, 8;
    %set/v v0x1f7ccc0_0, 0, 3;
    %set/v v0x1f7ca50_0, 0, 3;
    %set/v v0x1f7c7f0_0, 1, 2;
    %jmp T_1.15;
T_1.14 ;
    %movi 8, 704, 13;
    %load/v 21, v0x1f7c910_0, 10;
    %mov 31, 0, 3;
    %cmp/u 8, 21, 13;
    %or 5, 4, 1;
    %mov 8, 5, 1;
    %load/v 9, v0x1f7c910_0, 10;
    %mov 19, 0, 3;
   %cmpi/u 9, 784, 13;
    %mov 9, 5, 1;
    %and 8, 9, 1;
    %jmp/0xz  T_1.16, 8;
    %set/v v0x1f7ccc0_0, 0, 3;
    %set/v v0x1f7ca50_0, 0, 3;
    %set/v v0x1f7c7f0_0, 0, 2;
    %jmp T_1.17;
T_1.16 ;
    %set/v v0x1f7ccc0_0, 0, 3;
    %set/v v0x1f7ca50_0, 0, 3;
    %set/v v0x1f7c7f0_0, 0, 2;
T_1.17 ;
T_1.15 ;
T_1.13 ;
T_1.11 ;
T_1.9 ;
T_1.7 ;
T_1.5 ;
T_1.3 ;
    %jmp T_1.1;
T_1.0 ;
    %set/v v0x1f7ccc0_0, 0, 3;
    %set/v v0x1f7ca50_0, 0, 3;
    %set/v v0x1f7c7f0_0, 0, 2;
T_1.1 ;
    %jmp T_1;
    .thread T_1, $push;
# The file index is used to find the file name in the following table.
:file_names 3;
    "N/A";
    "<interactive>";
    "vga640x480.v";
