#! /usr/bin/vvp
:ivl_version "0.9.7 " "(v0_9_7)";
:vpi_time_precision + 0;
:vpi_module "system";
:vpi_module "v2005_math";
:vpi_module "va_math";
S_0xc4fe00 .scope module, "ppt" "ppt" 2 6;
 .timescale 0 0;
v0xc50220_0 .net "j1", 1 0, C4<zz>; 0 drivers
v0xc87110_0 .net "j1_w", 0 0, v0xc871b0_0; 1 drivers
v0xc871b0_0 .var "j1_w1", 0 0;
v0xc87250_0 .net "j2", 1 0, C4<zz>; 0 drivers
v0xc87300_0 .net "j2_w", 0 0, v0xc873a0_0; 1 drivers
v0xc873a0_0 .var "j2_w2", 0 0;
E_0xc3dce0 .event edge, v0xc87250_0, v0xc50220_0;
S_0xc4fa80 .scope module, "test" "test" 2 65;
 .timescale 0 0;
    .scope S_0xc4fe00;
T_0 ;
    %wait E_0xc3dce0;
    %load/v 8, v0xc50220_0, 2;
    %cmpi/u 8, 1, 2;
    %jmp/0xz  T_0.0, 4;
    %load/v 8, v0xc87250_0, 2;
    %cmpi/u 8, 1, 2;
    %jmp/0xz  T_0.2, 4;
    %ix/load 0, 1, 0;
    %assign/v0 v0xc871b0_0, 0, 1;
    %ix/load 0, 1, 0;
    %assign/v0 v0xc873a0_0, 0, 1;
    %jmp T_0.3;
T_0.2 ;
    %load/v 8, v0xc87250_0, 2;
    %cmpi/u 8, 2, 2;
    %jmp/0xz  T_0.4, 4;
    %ix/load 0, 1, 0;
    %assign/v0 v0xc871b0_0, 0, 0;
    %ix/load 0, 1, 0;
    %assign/v0 v0xc873a0_0, 0, 1;
    %jmp T_0.5;
T_0.4 ;
    %load/v 8, v0xc87250_0, 2;
    %cmpi/u 8, 3, 2;
    %jmp/0xz  T_0.6, 4;
    %ix/load 0, 1, 0;
    %assign/v0 v0xc871b0_0, 0, 1;
    %ix/load 0, 1, 0;
    %assign/v0 v0xc873a0_0, 0, 0;
T_0.6 ;
T_0.5 ;
T_0.3 ;
    %jmp T_0.1;
T_0.0 ;
    %load/v 8, v0xc50220_0, 2;
    %cmpi/u 8, 2, 2;
    %jmp/0xz  T_0.8, 4;
    %load/v 8, v0xc87250_0, 2;
    %cmpi/u 8, 1, 2;
    %jmp/0xz  T_0.10, 4;
    %ix/load 0, 1, 0;
    %assign/v0 v0xc871b0_0, 0, 1;
    %ix/load 0, 1, 0;
    %assign/v0 v0xc873a0_0, 0, 0;
    %jmp T_0.11;
T_0.10 ;
    %load/v 8, v0xc87250_0, 2;
    %cmpi/u 8, 2, 2;
    %jmp/0xz  T_0.12, 4;
    %ix/load 0, 1, 0;
    %assign/v0 v0xc871b0_0, 0, 1;
    %ix/load 0, 1, 0;
    %assign/v0 v0xc873a0_0, 0, 1;
    %jmp T_0.13;
T_0.12 ;
    %load/v 8, v0xc87250_0, 2;
    %cmpi/u 8, 3, 2;
    %jmp/0xz  T_0.14, 4;
    %ix/load 0, 1, 0;
    %assign/v0 v0xc871b0_0, 0, 0;
    %ix/load 0, 1, 0;
    %assign/v0 v0xc873a0_0, 0, 1;
T_0.14 ;
T_0.13 ;
T_0.11 ;
    %jmp T_0.9;
T_0.8 ;
    %load/v 8, v0xc50220_0, 2;
    %cmpi/u 8, 3, 2;
    %jmp/0xz  T_0.16, 4;
    %load/v 8, v0xc87250_0, 2;
    %cmpi/u 8, 1, 2;
    %jmp/0xz  T_0.18, 4;
    %ix/load 0, 1, 0;
    %assign/v0 v0xc871b0_0, 0, 0;
    %ix/load 0, 1, 0;
    %assign/v0 v0xc873a0_0, 0, 1;
    %jmp T_0.19;
T_0.18 ;
    %load/v 8, v0xc87250_0, 2;
    %cmpi/u 8, 2, 2;
    %jmp/0xz  T_0.20, 4;
    %ix/load 0, 1, 0;
    %assign/v0 v0xc871b0_0, 0, 1;
    %ix/load 0, 1, 0;
    %assign/v0 v0xc873a0_0, 0, 0;
    %jmp T_0.21;
T_0.20 ;
    %load/v 8, v0xc87250_0, 2;
    %cmpi/u 8, 3, 2;
    %jmp/0xz  T_0.22, 4;
    %ix/load 0, 1, 0;
    %assign/v0 v0xc871b0_0, 0, 1;
    %ix/load 0, 1, 0;
    %assign/v0 v0xc873a0_0, 0, 1;
T_0.22 ;
T_0.21 ;
T_0.19 ;
T_0.16 ;
T_0.9 ;
T_0.1 ;
    %jmp T_0;
    .thread T_0, $push;
# The file index is used to find the file name in the following table.
:file_names 3;
    "N/A";
    "<interactive>";
    "pedra_papel_tesoura.v";
