#! /usr/bin/vvp
:ivl_version "10.1 (stable)";
:ivl_delay_selection "TYPICAL";
:vpi_time_precision + 0;
:vpi_module "system";
:vpi_module "vhdl_sys";
:vpi_module "v2005_math";
:vpi_module "va_math";
S_0x556dd160ba50 .scope module, "test" "test" 2 71;
 .timescale 0 0;
v0x556dd1630880_0 .net "InTriangle", 0 0, L_0x556dd1644e80;  1 drivers
v0x556dd1630940_0 .var "P1X", 11 0;
v0x556dd16309e0_0 .var "P1Y", 11 0;
v0x556dd1630a80_0 .var "P2X", 11 0;
v0x556dd1630b40_0 .var "P2Y", 11 0;
v0x556dd1630c00_0 .var "P3X", 11 0;
v0x556dd1630cc0_0 .var "P3Y", 11 0;
v0x556dd1630d80_0 .var "PTX", 11 0;
v0x556dd1630f50_0 .var "PTY", 11 0;
S_0x556dd16058f0 .scope module, "P" "PointInTriangle" 2 87, 2 44 0, S_0x556dd160ba50;
 .timescale 0 0;
    .port_info 0 /INPUT 12 "P1X"
    .port_info 1 /INPUT 12 "P1Y"
    .port_info 2 /INPUT 12 "P2X"
    .port_info 3 /INPUT 12 "P2Y"
    .port_info 4 /INPUT 12 "P3X"
    .port_info 5 /INPUT 12 "P3Y"
    .port_info 6 /INPUT 12 "PTX"
    .port_info 7 /INPUT 12 "PTY"
    .port_info 8 /OUTPUT 1 "inTriangle"
L_0x556dd16310d0 .functor AND 1, L_0x556dd16444e0, L_0x556dd1644710, C4<1>, C4<1>;
L_0x556dd1644b20 .functor AND 1, L_0x556dd16310d0, L_0x556dd16449e0, C4<1>, C4<1>;
v0x556dd162ee30_0 .net "P1X", 11 0, v0x556dd1630940_0;  1 drivers
v0x556dd162ef10_0 .net "P1Y", 11 0, v0x556dd16309e0_0;  1 drivers
v0x556dd162efd0_0 .net "P2X", 11 0, v0x556dd1630a80_0;  1 drivers
v0x556dd162f0c0_0 .net "P2Y", 11 0, v0x556dd1630b40_0;  1 drivers
v0x556dd162f1d0_0 .net "P3X", 11 0, v0x556dd1630c00_0;  1 drivers
v0x556dd162f330_0 .net "P3Y", 11 0, v0x556dd1630cc0_0;  1 drivers
v0x556dd162f440_0 .net "PTX", 11 0, v0x556dd1630d80_0;  1 drivers
v0x556dd162f500_0 .net "PTY", 11 0, v0x556dd1630d80_0;  alias, 1 drivers
v0x556dd162f5c0_0 .net *"_s0", 31 0, L_0x556dd16443f0;  1 drivers
L_0x7f5e6a3ed330 .functor BUFT 1, C4<0000000000000000000000000000000>, C4<0>, C4<0>, C4<0>;
v0x556dd162f730_0 .net *"_s11", 30 0, L_0x7f5e6a3ed330;  1 drivers
L_0x7f5e6a3ed378 .functor BUFT 1, C4<00000000000000000000000000000001>, C4<0>, C4<0>, C4<0>;
v0x556dd162f810_0 .net/2u *"_s12", 31 0, L_0x7f5e6a3ed378;  1 drivers
v0x556dd162f8f0_0 .net *"_s14", 0 0, L_0x556dd1644710;  1 drivers
v0x556dd162f9b0_0 .net *"_s16", 0 0, L_0x556dd16310d0;  1 drivers
v0x556dd162fa70_0 .net *"_s18", 31 0, L_0x556dd16448f0;  1 drivers
L_0x7f5e6a3ed3c0 .functor BUFT 1, C4<0000000000000000000000000000000>, C4<0>, C4<0>, C4<0>;
v0x556dd162fb50_0 .net *"_s21", 30 0, L_0x7f5e6a3ed3c0;  1 drivers
L_0x7f5e6a3ed408 .functor BUFT 1, C4<00000000000000000000000000000001>, C4<0>, C4<0>, C4<0>;
v0x556dd162fc30_0 .net/2u *"_s22", 31 0, L_0x7f5e6a3ed408;  1 drivers
v0x556dd162fd10_0 .net *"_s24", 0 0, L_0x556dd16449e0;  1 drivers
v0x556dd162fec0_0 .net *"_s26", 0 0, L_0x556dd1644b20;  1 drivers
L_0x7f5e6a3ed450 .functor BUFT 1, C4<01>, C4<0>, C4<0>, C4<0>;
v0x556dd162ff60_0 .net/2s *"_s28", 1 0, L_0x7f5e6a3ed450;  1 drivers
L_0x7f5e6a3ed2a0 .functor BUFT 1, C4<0000000000000000000000000000000>, C4<0>, C4<0>, C4<0>;
v0x556dd1630000_0 .net *"_s3", 30 0, L_0x7f5e6a3ed2a0;  1 drivers
L_0x7f5e6a3ed498 .functor BUFT 1, C4<00>, C4<0>, C4<0>, C4<0>;
v0x556dd16300e0_0 .net/2s *"_s30", 1 0, L_0x7f5e6a3ed498;  1 drivers
v0x556dd16301c0_0 .net *"_s32", 1 0, L_0x556dd1644d40;  1 drivers
L_0x7f5e6a3ed2e8 .functor BUFT 1, C4<00000000000000000000000000000001>, C4<0>, C4<0>, C4<0>;
v0x556dd16302a0_0 .net/2u *"_s4", 31 0, L_0x7f5e6a3ed2e8;  1 drivers
v0x556dd1630380_0 .net *"_s6", 0 0, L_0x556dd16444e0;  1 drivers
v0x556dd1630440_0 .net *"_s8", 31 0, L_0x556dd1644620;  1 drivers
v0x556dd1630520_0 .net "inTriangle", 0 0, L_0x556dd1644e80;  alias, 1 drivers
v0x556dd16305e0_0 .net "sin1", 0 0, L_0x556dd1641fe0;  1 drivers
v0x556dd1630680_0 .net "sin2", 0 0, L_0x556dd1643170;  1 drivers
v0x556dd1630720_0 .net "sin3", 0 0, L_0x556dd16442b0;  1 drivers
L_0x556dd16443f0 .concat [ 1 31 0 0], L_0x556dd1641fe0, L_0x7f5e6a3ed2a0;
L_0x556dd16444e0 .cmp/eq 32, L_0x556dd16443f0, L_0x7f5e6a3ed2e8;
L_0x556dd1644620 .concat [ 1 31 0 0], L_0x556dd1643170, L_0x7f5e6a3ed330;
L_0x556dd1644710 .cmp/eq 32, L_0x556dd1644620, L_0x7f5e6a3ed378;
L_0x556dd16448f0 .concat [ 1 31 0 0], L_0x556dd16442b0, L_0x7f5e6a3ed3c0;
L_0x556dd16449e0 .cmp/eq 32, L_0x556dd16448f0, L_0x7f5e6a3ed408;
L_0x556dd1644d40 .functor MUXZ 2, L_0x7f5e6a3ed498, L_0x7f5e6a3ed450, L_0x556dd1644b20, C4<>;
L_0x556dd1644e80 .part L_0x556dd1644d40, 0, 1;
S_0x556dd1600d30 .scope module, "S1" "sing" 2 63, 2 1 0, S_0x556dd16058f0;
 .timescale 0 0;
    .port_info 0 /INPUT 12 "PTX"
    .port_info 1 /INPUT 12 "PTY"
    .port_info 2 /INPUT 12 "P1X"
    .port_info 3 /INPUT 12 "P1Y"
    .port_info 4 /INPUT 12 "P2X"
    .port_info 5 /INPUT 12 "P2Y"
    .port_info 6 /OUTPUT 1 "sin"
v0x556dd1603e30_0 .net/s "Mult1", 22 0, L_0x556dd16316d0;  1 drivers
v0x556dd162a510_0 .net/s "Mult2", 22 0, L_0x556dd16319a0;  1 drivers
v0x556dd162a5f0_0 .net "P1X", 11 0, v0x556dd1630940_0;  alias, 1 drivers
v0x556dd162a6e0_0 .net "P1Y", 11 0, v0x556dd16309e0_0;  alias, 1 drivers
v0x556dd162a7c0_0 .net "P2X", 11 0, v0x556dd1630a80_0;  alias, 1 drivers
v0x556dd162a8f0_0 .net "P2Y", 11 0, v0x556dd1630b40_0;  alias, 1 drivers
v0x556dd162a9d0_0 .net "PTX", 11 0, v0x556dd1630d80_0;  alias, 1 drivers
v0x556dd162aab0_0 .net "PTY", 11 0, v0x556dd1630d80_0;  alias, 1 drivers
v0x556dd162ab70_0 .net/s "Sub1", 11 0, L_0x556dd1631030;  1 drivers
v0x556dd162acc0_0 .net/s "Sub2", 11 0, L_0x556dd16311d0;  1 drivers
v0x556dd162ada0_0 .net/s "Sub3", 11 0, L_0x556dd1631300;  1 drivers
v0x556dd162ae80_0 .net/s "Sub4", 11 0, L_0x556dd1631460;  1 drivers
v0x556dd162af60_0 .net/s "Sub5", 22 0, L_0x556dd1631b40;  1 drivers
v0x556dd162b040_0 .net/s *"_s10", 22 0, L_0x556dd1631630;  1 drivers
v0x556dd162b120_0 .net/s *"_s14", 22 0, L_0x556dd1631770;  1 drivers
v0x556dd162b200_0 .net/s *"_s16", 22 0, L_0x556dd16318b0;  1 drivers
v0x556dd162b2e0_0 .net/s *"_s22", 31 0, L_0x556dd1631c30;  1 drivers
L_0x7f5e6a3ed018 .functor BUFT 1, C4<00000000000000000000000000000000>, C4<0>, C4<0>, C4<0>;
v0x556dd162b490_0 .net/2s *"_s24", 31 0, L_0x7f5e6a3ed018;  1 drivers
v0x556dd162b530_0 .net *"_s26", 0 0, L_0x556dd1641d30;  1 drivers
L_0x7f5e6a3ed060 .functor BUFT 1, C4<01>, C4<0>, C4<0>, C4<0>;
v0x556dd162b5f0_0 .net/2s *"_s28", 1 0, L_0x7f5e6a3ed060;  1 drivers
L_0x7f5e6a3ed0a8 .functor BUFT 1, C4<00>, C4<0>, C4<0>, C4<0>;
v0x556dd162b6d0_0 .net/2s *"_s30", 1 0, L_0x7f5e6a3ed0a8;  1 drivers
v0x556dd162b7b0_0 .net *"_s32", 1 0, L_0x556dd1641dd0;  1 drivers
v0x556dd162b890_0 .net/s *"_s8", 22 0, L_0x556dd1631560;  1 drivers
v0x556dd162b970_0 .net "sin", 0 0, L_0x556dd1641fe0;  alias, 1 drivers
L_0x556dd1631030 .arith/sub 12, v0x556dd1630d80_0, v0x556dd1630b40_0;
L_0x556dd16311d0 .arith/sub 12, v0x556dd16309e0_0, v0x556dd1630b40_0;
L_0x556dd1631300 .arith/sub 12, v0x556dd16309e0_0, v0x556dd1630a80_0;
L_0x556dd1631460 .arith/sub 12, v0x556dd1630d80_0, v0x556dd1630b40_0;
L_0x556dd1631560 .extend/s 23, L_0x556dd1631030;
L_0x556dd1631630 .extend/s 23, L_0x556dd16311d0;
L_0x556dd16316d0 .arith/mult 23, L_0x556dd1631560, L_0x556dd1631630;
L_0x556dd1631770 .extend/s 23, L_0x556dd1631300;
L_0x556dd16318b0 .extend/s 23, L_0x556dd1631460;
L_0x556dd16319a0 .arith/mult 23, L_0x556dd1631770, L_0x556dd16318b0;
L_0x556dd1631b40 .arith/sub 23, L_0x556dd16316d0, L_0x556dd16319a0;
L_0x556dd1631c30 .extend/s 32, L_0x556dd1631b40;
L_0x556dd1641d30 .cmp/ge.s 32, L_0x556dd1631c30, L_0x7f5e6a3ed018;
L_0x556dd1641dd0 .functor MUXZ 2, L_0x7f5e6a3ed0a8, L_0x7f5e6a3ed060, L_0x556dd1641d30, C4<>;
L_0x556dd1641fe0 .part L_0x556dd1641dd0, 0, 1;
S_0x556dd162bb50 .scope module, "S2" "sing" 2 64, 2 1 0, S_0x556dd16058f0;
 .timescale 0 0;
    .port_info 0 /INPUT 12 "PTX"
    .port_info 1 /INPUT 12 "PTY"
    .port_info 2 /INPUT 12 "P1X"
    .port_info 3 /INPUT 12 "P1Y"
    .port_info 4 /INPUT 12 "P2X"
    .port_info 5 /INPUT 12 "P2Y"
    .port_info 6 /OUTPUT 1 "sin"
v0x556dd162bda0_0 .net/s "Mult1", 22 0, L_0x556dd16426e0;  1 drivers
v0x556dd162be80_0 .net/s "Mult2", 22 0, L_0x556dd1642a50;  1 drivers
v0x556dd162bf60_0 .net "P1X", 11 0, v0x556dd1630a80_0;  alias, 1 drivers
v0x556dd162c060_0 .net "P1Y", 11 0, v0x556dd1630b40_0;  alias, 1 drivers
v0x556dd162c130_0 .net "P2X", 11 0, v0x556dd1630c00_0;  alias, 1 drivers
v0x556dd162c240_0 .net "P2Y", 11 0, v0x556dd1630cc0_0;  alias, 1 drivers
v0x556dd162c320_0 .net "PTX", 11 0, v0x556dd1630d80_0;  alias, 1 drivers
v0x556dd162c430_0 .net "PTY", 11 0, v0x556dd1630d80_0;  alias, 1 drivers
v0x556dd162c4f0_0 .net/s "Sub1", 11 0, L_0x556dd1642120;  1 drivers
v0x556dd162c660_0 .net/s "Sub2", 11 0, L_0x556dd1642250;  1 drivers
v0x556dd162c740_0 .net/s "Sub3", 11 0, L_0x556dd16422f0;  1 drivers
v0x556dd162c820_0 .net/s "Sub4", 11 0, L_0x556dd16424a0;  1 drivers
v0x556dd162c900_0 .net/s "Sub5", 22 0, L_0x556dd1642bf0;  1 drivers
v0x556dd162c9e0_0 .net/s *"_s10", 22 0, L_0x556dd1642640;  1 drivers
v0x556dd162cac0_0 .net/s *"_s14", 22 0, L_0x556dd1642820;  1 drivers
v0x556dd162cba0_0 .net/s *"_s16", 22 0, L_0x556dd1642960;  1 drivers
v0x556dd162cc80_0 .net/s *"_s22", 31 0, L_0x556dd1642ce0;  1 drivers
L_0x7f5e6a3ed0f0 .functor BUFT 1, C4<00000000000000000000000000000000>, C4<0>, C4<0>, C4<0>;
v0x556dd162ce30_0 .net/2s *"_s24", 31 0, L_0x7f5e6a3ed0f0;  1 drivers
v0x556dd162ced0_0 .net *"_s26", 0 0, L_0x556dd1642dd0;  1 drivers
L_0x7f5e6a3ed138 .functor BUFT 1, C4<01>, C4<0>, C4<0>, C4<0>;
v0x556dd162cf90_0 .net/2s *"_s28", 1 0, L_0x7f5e6a3ed138;  1 drivers
L_0x7f5e6a3ed180 .functor BUFT 1, C4<00>, C4<0>, C4<0>, C4<0>;
v0x556dd162d070_0 .net/2s *"_s30", 1 0, L_0x7f5e6a3ed180;  1 drivers
v0x556dd162d150_0 .net *"_s32", 1 0, L_0x556dd1642f60;  1 drivers
v0x556dd162d230_0 .net/s *"_s8", 22 0, L_0x556dd1642570;  1 drivers
v0x556dd162d310_0 .net "sin", 0 0, L_0x556dd1643170;  alias, 1 drivers
L_0x556dd1642120 .arith/sub 12, v0x556dd1630d80_0, v0x556dd1630cc0_0;
L_0x556dd1642250 .arith/sub 12, v0x556dd1630b40_0, v0x556dd1630cc0_0;
L_0x556dd16422f0 .arith/sub 12, v0x556dd1630b40_0, v0x556dd1630c00_0;
L_0x556dd16424a0 .arith/sub 12, v0x556dd1630d80_0, v0x556dd1630cc0_0;
L_0x556dd1642570 .extend/s 23, L_0x556dd1642120;
L_0x556dd1642640 .extend/s 23, L_0x556dd1642250;
L_0x556dd16426e0 .arith/mult 23, L_0x556dd1642570, L_0x556dd1642640;
L_0x556dd1642820 .extend/s 23, L_0x556dd16422f0;
L_0x556dd1642960 .extend/s 23, L_0x556dd16424a0;
L_0x556dd1642a50 .arith/mult 23, L_0x556dd1642820, L_0x556dd1642960;
L_0x556dd1642bf0 .arith/sub 23, L_0x556dd16426e0, L_0x556dd1642a50;
L_0x556dd1642ce0 .extend/s 32, L_0x556dd1642bf0;
L_0x556dd1642dd0 .cmp/ge.s 32, L_0x556dd1642ce0, L_0x7f5e6a3ed0f0;
L_0x556dd1642f60 .functor MUXZ 2, L_0x7f5e6a3ed180, L_0x7f5e6a3ed138, L_0x556dd1642dd0, C4<>;
L_0x556dd1643170 .part L_0x556dd1642f60, 0, 1;
S_0x556dd162d4f0 .scope module, "S3" "sing" 2 65, 2 1 0, S_0x556dd16058f0;
 .timescale 0 0;
    .port_info 0 /INPUT 12 "PTX"
    .port_info 1 /INPUT 12 "PTY"
    .port_info 2 /INPUT 12 "P1X"
    .port_info 3 /INPUT 12 "P1Y"
    .port_info 4 /INPUT 12 "P2X"
    .port_info 5 /INPUT 12 "P2Y"
    .port_info 6 /OUTPUT 1 "sin"
v0x556dd162d720_0 .net/s "Mult1", 22 0, L_0x556dd1643890;  1 drivers
v0x556dd162d800_0 .net/s "Mult2", 22 0, L_0x556dd1643c00;  1 drivers
v0x556dd162d8e0_0 .net "P1X", 11 0, v0x556dd1630c00_0;  alias, 1 drivers
v0x556dd162d9b0_0 .net "P1Y", 11 0, v0x556dd1630cc0_0;  alias, 1 drivers
v0x556dd162da80_0 .net "P2X", 11 0, v0x556dd1630940_0;  alias, 1 drivers
v0x556dd162db70_0 .net "P2Y", 11 0, v0x556dd16309e0_0;  alias, 1 drivers
v0x556dd162dc40_0 .net "PTX", 11 0, v0x556dd1630d80_0;  alias, 1 drivers
v0x556dd162dd70_0 .net "PTY", 11 0, v0x556dd1630d80_0;  alias, 1 drivers
v0x556dd162de30_0 .net/s "Sub1", 11 0, L_0x556dd16432b0;  1 drivers
v0x556dd162dfa0_0 .net/s "Sub2", 11 0, L_0x556dd1643350;  1 drivers
v0x556dd162e080_0 .net/s "Sub3", 11 0, L_0x556dd16433f0;  1 drivers
v0x556dd162e160_0 .net/s "Sub4", 11 0, L_0x556dd16435a0;  1 drivers
v0x556dd162e240_0 .net/s "Sub5", 22 0, L_0x556dd1643d40;  1 drivers
v0x556dd162e320_0 .net/s *"_s10", 22 0, L_0x556dd16437f0;  1 drivers
v0x556dd162e400_0 .net/s *"_s14", 22 0, L_0x556dd16439d0;  1 drivers
v0x556dd162e4e0_0 .net/s *"_s16", 22 0, L_0x556dd1643b10;  1 drivers
v0x556dd162e5c0_0 .net/s *"_s22", 31 0, L_0x556dd1643e30;  1 drivers
L_0x7f5e6a3ed1c8 .functor BUFT 1, C4<00000000000000000000000000000000>, C4<0>, C4<0>, C4<0>;
v0x556dd162e770_0 .net/2s *"_s24", 31 0, L_0x7f5e6a3ed1c8;  1 drivers
v0x556dd162e810_0 .net *"_s26", 0 0, L_0x556dd1643f20;  1 drivers
L_0x7f5e6a3ed210 .functor BUFT 1, C4<01>, C4<0>, C4<0>, C4<0>;
v0x556dd162e8d0_0 .net/2s *"_s28", 1 0, L_0x7f5e6a3ed210;  1 drivers
L_0x7f5e6a3ed258 .functor BUFT 1, C4<00>, C4<0>, C4<0>, C4<0>;
v0x556dd162e9b0_0 .net/2s *"_s30", 1 0, L_0x7f5e6a3ed258;  1 drivers
v0x556dd162ea90_0 .net *"_s32", 1 0, L_0x556dd16440f0;  1 drivers
v0x556dd162eb70_0 .net/s *"_s8", 22 0, L_0x556dd1643750;  1 drivers
v0x556dd162ec50_0 .net "sin", 0 0, L_0x556dd16442b0;  alias, 1 drivers
L_0x556dd16432b0 .arith/sub 12, v0x556dd1630d80_0, v0x556dd16309e0_0;
L_0x556dd1643350 .arith/sub 12, v0x556dd1630cc0_0, v0x556dd16309e0_0;
L_0x556dd16433f0 .arith/sub 12, v0x556dd1630cc0_0, v0x556dd1630940_0;
L_0x556dd16435a0 .arith/sub 12, v0x556dd1630d80_0, v0x556dd16309e0_0;
L_0x556dd1643750 .extend/s 23, L_0x556dd16432b0;
L_0x556dd16437f0 .extend/s 23, L_0x556dd1643350;
L_0x556dd1643890 .arith/mult 23, L_0x556dd1643750, L_0x556dd16437f0;
L_0x556dd16439d0 .extend/s 23, L_0x556dd16433f0;
L_0x556dd1643b10 .extend/s 23, L_0x556dd16435a0;
L_0x556dd1643c00 .arith/mult 23, L_0x556dd16439d0, L_0x556dd1643b10;
L_0x556dd1643d40 .arith/sub 23, L_0x556dd1643890, L_0x556dd1643c00;
L_0x556dd1643e30 .extend/s 32, L_0x556dd1643d40;
L_0x556dd1643f20 .cmp/ge.s 32, L_0x556dd1643e30, L_0x7f5e6a3ed1c8;
L_0x556dd16440f0 .functor MUXZ 2, L_0x7f5e6a3ed258, L_0x7f5e6a3ed210, L_0x556dd1643f20, C4<>;
L_0x556dd16442b0 .part L_0x556dd16440f0, 0, 1;
    .scope S_0x556dd160ba50;
T_0 ;
    %vpi_call 2 91 "$dumpvars", 32'sb00000000000000000000000000000000, S_0x556dd16058f0 {0 0 0};
    %delay 1, 0;
    %pushi/vec4 2, 0, 12;
    %assign/vec4 v0x556dd1630940_0, 0;
    %pushi/vec4 2, 0, 12;
    %assign/vec4 v0x556dd16309e0_0, 0;
    %delay 1, 0;
    %pushi/vec4 3, 0, 12;
    %assign/vec4 v0x556dd1630a80_0, 0;
    %pushi/vec4 6, 0, 12;
    %assign/vec4 v0x556dd1630b40_0, 0;
    %delay 1, 0;
    %pushi/vec4 4, 0, 12;
    %assign/vec4 v0x556dd1630c00_0, 0;
    %pushi/vec4 2, 0, 12;
    %assign/vec4 v0x556dd1630cc0_0, 0;
    %delay 1, 0;
    %pushi/vec4 3, 0, 12;
    %assign/vec4 v0x556dd1630d80_0, 0;
    %pushi/vec4 3, 0, 12;
    %assign/vec4 v0x556dd1630f50_0, 0;
    %delay 1, 0;
    %pushi/vec4 2, 0, 12;
    %assign/vec4 v0x556dd1630940_0, 0;
    %pushi/vec4 2, 0, 12;
    %assign/vec4 v0x556dd16309e0_0, 0;
    %delay 1, 0;
    %pushi/vec4 3, 0, 12;
    %assign/vec4 v0x556dd1630a80_0, 0;
    %pushi/vec4 6, 0, 12;
    %assign/vec4 v0x556dd1630b40_0, 0;
    %delay 1, 0;
    %pushi/vec4 4, 0, 12;
    %assign/vec4 v0x556dd1630c00_0, 0;
    %pushi/vec4 2, 0, 12;
    %assign/vec4 v0x556dd1630cc0_0, 0;
    %delay 1, 0;
    %pushi/vec4 20, 0, 12;
    %assign/vec4 v0x556dd1630d80_0, 0;
    %pushi/vec4 20, 0, 12;
    %assign/vec4 v0x556dd1630f50_0, 0;
    %delay 40, 0;
    %vpi_call 2 119 "$finish" {0 0 0};
    %end;
    .thread T_0;
# The file index is used to find the file name in the following table.
:file_names 3;
    "N/A";
    "<interactive>";
    "sing.v";
