#! /usr/bin/vvp
:ivl_version "10.1 (stable)";
:ivl_delay_selection "TYPICAL";
:vpi_time_precision + 0;
:vpi_module "system";
:vpi_module "vhdl_sys";
:vpi_module "v2005_math";
:vpi_module "va_math";
S_0x5636e27fbb50 .scope module, "LED" "LED" 2 1;
 .timescale 0 0;
    .port_info 0 /OUTPUT 1 "LEDG"
L_0x5636e2854820 .functor BUFZ 1, v0x5636e2854720_0, C4<0>, C4<0>, C4<0>;
v0x5636e27fbd10_0 .var "CLOCK_50", 0 0;
v0x5636e2854570_0 .net "LEDG", 0 0, L_0x5636e2854820;  1 drivers
v0x5636e2854630_0 .var "counter", 32 0;
v0x5636e2854720_0 .var "state", 0 0;
E_0x5636e27fc660 .event posedge, v0x5636e27fbd10_0;
    .scope S_0x5636e27fbb50;
T_0 ;
    %wait E_0x5636e27fc660;
    %load/vec4 v0x5636e2854630_0;
    %addi 1, 0, 33;
    %assign/vec4 v0x5636e2854630_0, 0;
    %load/vec4 v0x5636e2854630_0;
    %parti/s 1, 24, 6;
    %assign/vec4 v0x5636e2854720_0, 0;
    %jmp T_0;
    .thread T_0;
    .scope S_0x5636e27fbb50;
T_1 ;
    %vpi_call 2 17 "$dumpvars", 32'sb00000000000000000000000000000000, v0x5636e2854570_0, v0x5636e27fbd10_0, v0x5636e2854720_0, v0x5636e2854630_0 {0 0 0};
    %delay 2, 0;
    %pushi/vec4 1, 0, 1;
    %assign/vec4 v0x5636e27fbd10_0, 0;
    %delay 2, 0;
    %pushi/vec4 0, 0, 1;
    %assign/vec4 v0x5636e27fbd10_0, 0;
    %delay 2, 0;
    %pushi/vec4 1, 0, 1;
    %assign/vec4 v0x5636e27fbd10_0, 0;
    %delay 2, 0;
    %pushi/vec4 0, 0, 1;
    %assign/vec4 v0x5636e27fbd10_0, 0;
    %delay 2, 0;
    %pushi/vec4 1, 0, 1;
    %assign/vec4 v0x5636e27fbd10_0, 0;
    %end;
    .thread T_1;
# The file index is used to find the file name in the following table.
:file_names 3;
    "N/A";
    "<interactive>";
    "piscaLed.v";
