#! /usr/bin/vvp
:ivl_version "10.1 (stable)";
:ivl_delay_selection "TYPICAL";
:vpi_time_precision + 0;
:vpi_module "system";
:vpi_module "vhdl_sys";
:vpi_module "v2005_math";
:vpi_module "va_math";
S_0x55c9b94c3ee0 .scope module, "test" "test" 2 63;
 .timescale 0 0;
v0x55c9b94f8500_0 .var "CLOCK_50", 0 0;
o0x7fb624cde018 .functor BUFZ 1, C4<z>; HiZ drive
v0x55c9b94f85e0_0 .net "CLOCL_50", 0 0, o0x7fb624cde018;  0 drivers
v0x55c9b94f86a0_0 .net "LEDG", 7 0, L_0x55c9b94f8910;  1 drivers
v0x55c9b94f87a0_0 .net "LEDR", 7 0, L_0x55c9b94f8a00;  1 drivers
v0x55c9b94f8870_0 .var "SW", 9 0;
S_0x55c9b94c4060 .scope module, "M" "Multiplicador" 2 71, 2 1 0, S_0x55c9b94c3ee0;
 .timescale 0 0;
    .port_info 0 /INPUT 1 "CLOCK_50"
    .port_info 1 /INPUT 10 "SW"
    .port_info 2 /OUTPUT 8 "LEDG"
    .port_info 3 /OUTPUT 8 "LEDR"
v0x55c9b94c8820_0 .net "CLOCK_50", 0 0, o0x7fb624cde018;  alias, 0 drivers
v0x55c9b94f7bf0_0 .var "Cout", 9 0;
v0x55c9b94f7cd0_0 .net "LEDG", 7 0, L_0x55c9b94f8910;  alias, 1 drivers
v0x55c9b94f7dc0_0 .net "LEDR", 7 0, L_0x55c9b94f8a00;  alias, 1 drivers
v0x55c9b94f7ea0_0 .net "SW", 9 0, v0x55c9b94f8870_0;  1 drivers
v0x55c9b94f7fd0_0 .net *"_s5", 2 0, L_0x55c9b94f8af0;  1 drivers
v0x55c9b94f80b0_0 .var "aux", 9 0;
v0x55c9b94f8190_0 .var "deslocamento", 0 0;
v0x55c9b94f8250_0 .var "i", 0 0;
v0x55c9b94f83a0_0 .var "result", 10 0;
E_0x55c9b94c4920 .event edge, v0x55c9b94c8820_0;
L_0x55c9b94f8910 .part v0x55c9b94f83a0_0, 0, 8;
L_0x55c9b94f8a00 .part/pv L_0x55c9b94f8af0, 0, 3, 8;
L_0x55c9b94f8af0 .part v0x55c9b94f83a0_0, 8, 3;
    .scope S_0x55c9b94c4060;
T_0 ;
    %pushi/vec4 1, 0, 1;
    %store/vec4 v0x55c9b94f8250_0, 0, 1;
    %end;
    .thread T_0;
    .scope S_0x55c9b94c4060;
T_1 ;
    %pushi/vec4 0, 0, 1;
    %store/vec4 v0x55c9b94f8190_0, 0, 1;
    %end;
    .thread T_1;
    .scope S_0x55c9b94c4060;
T_2 ;
    %wait E_0x55c9b94c4920;
T_2.0 ;
    %load/vec4 v0x55c9b94f8250_0;
    %pad/u 32;
    %cmpi/u 10, 0, 32;
    %jmp/0xz T_2.1, 5;
    %load/vec4 v0x55c9b94f7ea0_0;
    %load/vec4 v0x55c9b94f8250_0;
    %part/u 1;
    %pad/u 10;
    %load/vec4 v0x55c9b94f7ea0_0;
    %parti/s 1, 0, 2;
    %load/vec4 v0x55c9b94f7ea0_0;
    %parti/s 1, 1, 2;
    %concat/vec4; draw_concat_vec4
    %load/vec4 v0x55c9b94f7ea0_0;
    %parti/s 1, 2, 3;
    %concat/vec4; draw_concat_vec4
    %load/vec4 v0x55c9b94f7ea0_0;
    %parti/s 1, 3, 3;
    %concat/vec4; draw_concat_vec4
    %load/vec4 v0x55c9b94f7ea0_0;
    %parti/s 1, 4, 4;
    %concat/vec4; draw_concat_vec4
    %pad/u 10;
    %and;
    %assign/vec4 v0x55c9b94f80b0_0, 0;
    %load/vec4 v0x55c9b94f80b0_0;
    %ix/getv 4, v0x55c9b94f8190_0;
    %shiftl 4;
    %assign/vec4 v0x55c9b94f80b0_0, 0;
    %load/vec4 v0x55c9b94f80b0_0;
    %parti/s 1, 0, 2;
    %load/vec4 v0x55c9b94f83a0_0;
    %parti/s 1, 0, 2;
    %xor;
    %ix/load 4, 0, 0;
    %ix/load 5, 0, 0;
    %flag_set/imm 4, 0;
    %assign/vec4/off/d v0x55c9b94f83a0_0, 4, 5;
    %load/vec4 v0x55c9b94f80b0_0;
    %parti/s 1, 0, 2;
    %load/vec4 v0x55c9b94f83a0_0;
    %parti/s 1, 0, 2;
    %and;
    %ix/load 4, 0, 0;
    %ix/load 5, 0, 0;
    %flag_set/imm 4, 0;
    %assign/vec4/off/d v0x55c9b94f7bf0_0, 4, 5;
    %load/vec4 v0x55c9b94f80b0_0;
    %parti/s 1, 1, 2;
    %load/vec4 v0x55c9b94f83a0_0;
    %parti/s 1, 1, 2;
    %xor;
    %load/vec4 v0x55c9b94f7bf0_0;
    %parti/s 1, 0, 2;
    %xor;
    %ix/load 4, 1, 0;
    %ix/load 5, 0, 0;
    %flag_set/imm 4, 0;
    %assign/vec4/off/d v0x55c9b94f83a0_0, 4, 5;
    %load/vec4 v0x55c9b94f80b0_0;
    %parti/s 1, 1, 2;
    %load/vec4 v0x55c9b94f83a0_0;
    %parti/s 1, 1, 2;
    %xor;
    %load/vec4 v0x55c9b94f7bf0_0;
    %parti/s 1, 0, 2;
    %and;
    %load/vec4 v0x55c9b94f80b0_0;
    %parti/s 1, 1, 2;
    %load/vec4 v0x55c9b94f83a0_0;
    %parti/s 1, 1, 2;
    %and;
    %xor;
    %ix/load 4, 1, 0;
    %ix/load 5, 0, 0;
    %flag_set/imm 4, 0;
    %assign/vec4/off/d v0x55c9b94f7bf0_0, 4, 5;
    %load/vec4 v0x55c9b94f80b0_0;
    %parti/s 1, 2, 3;
    %load/vec4 v0x55c9b94f83a0_0;
    %parti/s 1, 2, 3;
    %xor;
    %load/vec4 v0x55c9b94f7bf0_0;
    %parti/s 1, 1, 2;
    %xor;
    %ix/load 4, 2, 0;
    %ix/load 5, 0, 0;
    %flag_set/imm 4, 0;
    %assign/vec4/off/d v0x55c9b94f83a0_0, 4, 5;
    %load/vec4 v0x55c9b94f80b0_0;
    %parti/s 1, 1, 2;
    %load/vec4 v0x55c9b94f83a0_0;
    %parti/s 1, 2, 3;
    %xor;
    %load/vec4 v0x55c9b94f7bf0_0;
    %parti/s 1, 1, 2;
    %and;
    %load/vec4 v0x55c9b94f80b0_0;
    %parti/s 1, 2, 3;
    %load/vec4 v0x55c9b94f83a0_0;
    %parti/s 1, 2, 3;
    %and;
    %xor;
    %ix/load 4, 2, 0;
    %ix/load 5, 0, 0;
    %flag_set/imm 4, 0;
    %assign/vec4/off/d v0x55c9b94f7bf0_0, 4, 5;
    %load/vec4 v0x55c9b94f80b0_0;
    %parti/s 1, 3, 3;
    %load/vec4 v0x55c9b94f83a0_0;
    %parti/s 1, 3, 3;
    %xor;
    %load/vec4 v0x55c9b94f7bf0_0;
    %parti/s 1, 2, 3;
    %xor;
    %ix/load 4, 3, 0;
    %ix/load 5, 0, 0;
    %flag_set/imm 4, 0;
    %assign/vec4/off/d v0x55c9b94f83a0_0, 4, 5;
    %load/vec4 v0x55c9b94f80b0_0;
    %parti/s 1, 3, 3;
    %load/vec4 v0x55c9b94f83a0_0;
    %parti/s 1, 3, 3;
    %xor;
    %load/vec4 v0x55c9b94f7bf0_0;
    %parti/s 1, 2, 3;
    %and;
    %load/vec4 v0x55c9b94f80b0_0;
    %parti/s 1, 3, 3;
    %load/vec4 v0x55c9b94f83a0_0;
    %parti/s 1, 3, 3;
    %and;
    %xor;
    %ix/load 4, 3, 0;
    %ix/load 5, 0, 0;
    %flag_set/imm 4, 0;
    %assign/vec4/off/d v0x55c9b94f7bf0_0, 4, 5;
    %load/vec4 v0x55c9b94f80b0_0;
    %parti/s 1, 4, 4;
    %load/vec4 v0x55c9b94f83a0_0;
    %parti/s 1, 4, 4;
    %xor;
    %load/vec4 v0x55c9b94f7bf0_0;
    %parti/s 1, 3, 3;
    %xor;
    %ix/load 4, 4, 0;
    %ix/load 5, 0, 0;
    %flag_set/imm 4, 0;
    %assign/vec4/off/d v0x55c9b94f83a0_0, 4, 5;
    %load/vec4 v0x55c9b94f80b0_0;
    %parti/s 1, 4, 4;
    %load/vec4 v0x55c9b94f83a0_0;
    %parti/s 1, 4, 4;
    %xor;
    %load/vec4 v0x55c9b94f7bf0_0;
    %parti/s 1, 3, 3;
    %and;
    %load/vec4 v0x55c9b94f80b0_0;
    %parti/s 1, 4, 4;
    %load/vec4 v0x55c9b94f83a0_0;
    %parti/s 1, 4, 4;
    %and;
    %xor;
    %ix/load 4, 4, 0;
    %ix/load 5, 0, 0;
    %flag_set/imm 4, 0;
    %assign/vec4/off/d v0x55c9b94f7bf0_0, 4, 5;
    %load/vec4 v0x55c9b94f80b0_0;
    %parti/s 1, 5, 4;
    %load/vec4 v0x55c9b94f83a0_0;
    %parti/s 1, 5, 4;
    %xor;
    %load/vec4 v0x55c9b94f7bf0_0;
    %parti/s 1, 4, 4;
    %xor;
    %ix/load 4, 5, 0;
    %ix/load 5, 0, 0;
    %flag_set/imm 4, 0;
    %assign/vec4/off/d v0x55c9b94f83a0_0, 4, 5;
    %load/vec4 v0x55c9b94f80b0_0;
    %parti/s 1, 5, 4;
    %load/vec4 v0x55c9b94f83a0_0;
    %parti/s 1, 5, 4;
    %xor;
    %load/vec4 v0x55c9b94f7bf0_0;
    %parti/s 1, 4, 4;
    %and;
    %load/vec4 v0x55c9b94f80b0_0;
    %parti/s 1, 5, 4;
    %load/vec4 v0x55c9b94f83a0_0;
    %parti/s 1, 5, 4;
    %and;
    %xor;
    %ix/load 4, 5, 0;
    %ix/load 5, 0, 0;
    %flag_set/imm 4, 0;
    %assign/vec4/off/d v0x55c9b94f7bf0_0, 4, 5;
    %load/vec4 v0x55c9b94f80b0_0;
    %parti/s 1, 6, 4;
    %load/vec4 v0x55c9b94f83a0_0;
    %parti/s 1, 6, 4;
    %xor;
    %load/vec4 v0x55c9b94f7bf0_0;
    %parti/s 1, 5, 4;
    %xor;
    %ix/load 4, 6, 0;
    %ix/load 5, 0, 0;
    %flag_set/imm 4, 0;
    %assign/vec4/off/d v0x55c9b94f83a0_0, 4, 5;
    %load/vec4 v0x55c9b94f80b0_0;
    %parti/s 1, 6, 4;
    %load/vec4 v0x55c9b94f83a0_0;
    %parti/s 1, 6, 4;
    %xor;
    %load/vec4 v0x55c9b94f7bf0_0;
    %parti/s 1, 5, 4;
    %and;
    %load/vec4 v0x55c9b94f80b0_0;
    %parti/s 1, 6, 4;
    %load/vec4 v0x55c9b94f83a0_0;
    %parti/s 1, 6, 4;
    %and;
    %xor;
    %ix/load 4, 6, 0;
    %ix/load 5, 0, 0;
    %flag_set/imm 4, 0;
    %assign/vec4/off/d v0x55c9b94f7bf0_0, 4, 5;
    %load/vec4 v0x55c9b94f80b0_0;
    %parti/s 1, 7, 4;
    %load/vec4 v0x55c9b94f83a0_0;
    %parti/s 1, 7, 4;
    %xor;
    %load/vec4 v0x55c9b94f7bf0_0;
    %parti/s 1, 6, 4;
    %xor;
    %ix/load 4, 7, 0;
    %ix/load 5, 0, 0;
    %flag_set/imm 4, 0;
    %assign/vec4/off/d v0x55c9b94f83a0_0, 4, 5;
    %load/vec4 v0x55c9b94f80b0_0;
    %parti/s 1, 7, 4;
    %load/vec4 v0x55c9b94f83a0_0;
    %parti/s 1, 7, 4;
    %xor;
    %load/vec4 v0x55c9b94f7bf0_0;
    %parti/s 1, 6, 4;
    %and;
    %load/vec4 v0x55c9b94f80b0_0;
    %parti/s 1, 7, 4;
    %load/vec4 v0x55c9b94f83a0_0;
    %parti/s 1, 7, 4;
    %and;
    %xor;
    %ix/load 4, 7, 0;
    %ix/load 5, 0, 0;
    %flag_set/imm 4, 0;
    %assign/vec4/off/d v0x55c9b94f7bf0_0, 4, 5;
    %load/vec4 v0x55c9b94f80b0_0;
    %parti/s 1, 8, 5;
    %load/vec4 v0x55c9b94f83a0_0;
    %parti/s 1, 8, 5;
    %xor;
    %load/vec4 v0x55c9b94f7bf0_0;
    %parti/s 1, 7, 4;
    %xor;
    %ix/load 4, 8, 0;
    %ix/load 5, 0, 0;
    %flag_set/imm 4, 0;
    %assign/vec4/off/d v0x55c9b94f83a0_0, 4, 5;
    %load/vec4 v0x55c9b94f80b0_0;
    %parti/s 1, 8, 5;
    %load/vec4 v0x55c9b94f83a0_0;
    %parti/s 1, 8, 5;
    %xor;
    %load/vec4 v0x55c9b94f7bf0_0;
    %parti/s 1, 7, 4;
    %and;
    %load/vec4 v0x55c9b94f80b0_0;
    %parti/s 1, 8, 5;
    %load/vec4 v0x55c9b94f83a0_0;
    %parti/s 1, 8, 5;
    %and;
    %xor;
    %ix/load 4, 8, 0;
    %ix/load 5, 0, 0;
    %flag_set/imm 4, 0;
    %assign/vec4/off/d v0x55c9b94f7bf0_0, 4, 5;
    %load/vec4 v0x55c9b94f80b0_0;
    %parti/s 1, 9, 5;
    %load/vec4 v0x55c9b94f83a0_0;
    %parti/s 1, 9, 5;
    %xor;
    %load/vec4 v0x55c9b94f7bf0_0;
    %parti/s 1, 8, 5;
    %xor;
    %ix/load 4, 9, 0;
    %ix/load 5, 0, 0;
    %flag_set/imm 4, 0;
    %assign/vec4/off/d v0x55c9b94f83a0_0, 4, 5;
    %load/vec4 v0x55c9b94f80b0_0;
    %parti/s 1, 9, 5;
    %load/vec4 v0x55c9b94f83a0_0;
    %parti/s 1, 9, 5;
    %xor;
    %load/vec4 v0x55c9b94f7bf0_0;
    %parti/s 1, 8, 5;
    %and;
    %load/vec4 v0x55c9b94f80b0_0;
    %parti/s 1, 9, 5;
    %load/vec4 v0x55c9b94f83a0_0;
    %parti/s 1, 9, 5;
    %and;
    %xor;
    %ix/load 4, 9, 0;
    %ix/load 5, 0, 0;
    %flag_set/imm 4, 0;
    %assign/vec4/off/d v0x55c9b94f7bf0_0, 4, 5;
    %load/vec4 v0x55c9b94f8190_0;
    %pad/u 2;
    %addi 1, 0, 2;
    %pad/u 1;
    %assign/vec4 v0x55c9b94f8190_0, 0;
    %load/vec4 v0x55c9b94f8250_0;
    %pad/u 2;
    %addi 1, 0, 2;
    %pad/u 1;
    %store/vec4 v0x55c9b94f8250_0, 0, 1;
    %jmp T_2.0;
T_2.1 ;
    %jmp T_2;
    .thread T_2, $push;
    .scope S_0x55c9b94c3ee0;
T_3 ;
    %vpi_call 2 74 "$dumpvars", 32'sb00000000000000000000000000000000, S_0x55c9b94c4060 {0 0 0};
    %delay 1, 0;
    %pushi/vec4 0, 0, 1;
    %assign/vec4 v0x55c9b94f8500_0, 0;
    %delay 1, 0;
    %pushi/vec4 1, 0, 1;
    %assign/vec4 v0x55c9b94f8500_0, 0;
    %delay 1, 0;
    %pushi/vec4 0, 0, 1;
    %assign/vec4 v0x55c9b94f8500_0, 0;
    %delay 1, 0;
    %pushi/vec4 1, 0, 1;
    %assign/vec4 v0x55c9b94f8500_0, 0;
    %delay 1, 0;
    %pushi/vec4 0, 0, 1;
    %assign/vec4 v0x55c9b94f8500_0, 0;
    %delay 1, 0;
    %pushi/vec4 1, 0, 1;
    %assign/vec4 v0x55c9b94f8500_0, 0;
    %delay 1, 0;
    %pushi/vec4 0, 0, 1;
    %assign/vec4 v0x55c9b94f8500_0, 0;
    %delay 1, 0;
    %pushi/vec4 1, 0, 1;
    %assign/vec4 v0x55c9b94f8500_0, 0;
    %delay 1, 0;
    %pushi/vec4 0, 0, 1;
    %assign/vec4 v0x55c9b94f8500_0, 0;
    %delay 1, 0;
    %pushi/vec4 1, 0, 1;
    %assign/vec4 v0x55c9b94f8500_0, 0;
    %vpi_call 2 87 "$finish" {0 0 0};
    %end;
    .thread T_3;
# The file index is used to find the file name in the following table.
:file_names 3;
    "N/A";
    "<interactive>";
    "Multiplicador.v";
